
                                            



                                            
                                         
                             .-----=====++++++++++***++++++++++++++++==.                            
                       .--=+++++******************************************+++.                      Welcome!
                     =+++++++***************************************************+                   ================
                   =++*******************************#****************************+                 Opperating System : Little Robotics ILT
                  =+******************************###*******************************                Kernel Update     : 1.0.0.0 Dev Stable
                 =+++++************************************************************#.               
                 +*+++*************************************************************#=               
                 +*++********.  ***********************************.     **********#*               
               :.+*********-  ..  *********************************   .    ********#*=              
               :.**********........*************##########*#####**#........##******##-+             
              -:.*******#**........################################:......-#####***##:+.            
              =..****######*.:....:################################:......#######**##-==            
              =:.***########.....***************************########.....############==+            
              +-:***#######################################**********################===            
              +==**##################################################################=*.            
               *+####################################################################-*             
               :*#####################################################################              
                 ###################################################################*               
                 ###################################################################=               
                 :###%%%%%%%######################################%%%%%%%%%%%%#%%###                
                  *########%%%%%%%%%%%%%%%%%%%%%%%%%%%%%%%%%%%%%%%%%%%%%%%%%%%#%%##:                
                   :#########%%%%%%%%%%%%%%%%%%%%%%%%%%%%%%%%%%%%%%%%%%%%%%#######                  
                      -*#############%%%%%%%%%%%%%%%%%%%%%%%%%%%%%%###########*.                    
                            .***#######################################*+                           
 